<?xml version="1.0" encoding="UTF-8"?>
<!-- Generated by org.testng.reporters.JUnitXMLReporter -->
<testsuite hostname="Mohammads-MacBook-Air.local" ignored="0" name="Default test" tests="2" failures="0" timestamp="2021-12-22T22:52:51 EST" time="31.731" errors="0">
  <testcase name="mouseHoverActionOnAboutUsTest" time="6.266" classname="lec34_java_selenium_methods.J01_use_of_mouse_hover_action"/>
  <testcase name="mouseHoverActionOnOurLocations" time="8.218" classname="lec34_java_selenium_methods.J01_use_of_mouse_hover_action"/>
</testsuite> <!-- Default test -->
